2025-09-25T15:05:38.234+08:00  INFO 27476 --- [CardsIT] [main] com.cvk.CardsIT.CardsItApplication       : Starting CardsItApplication using Java 21.0.6 with PID 27476 (D:\testing\assessment\target\classes started by SDVKCHANG in D:\testing\assessment)
2025-09-25T15:05:38.240+08:00 DEBUG 27476 --- [CardsIT] [main] com.cvk.CardsIT.CardsItApplication       : Running with Spring Boot v3.5.6, Spring v6.2.11
2025-09-25T15:05:38.241+08:00  INFO 27476 --- [CardsIT] [main] com.cvk.CardsIT.CardsItApplication       : No active profile set, falling back to 1 default profile: "default"
2025-09-25T15:05:39.841+08:00  INFO 27476 --- [CardsIT] [main] .s.d.r.c.RepositoryConfigurationDelegate : Bootstrapping Spring Data JPA repositories in DEFAULT mode.
2025-09-25T15:05:40.019+08:00  INFO 27476 --- [CardsIT] [main] .s.d.r.c.RepositoryConfigurationDelegate : Finished Spring Data repository scanning in 147 ms. Found 1 JPA repository interface.
2025-09-25T15:05:41.614+08:00  INFO 27476 --- [CardsIT] [main] o.s.b.w.embedded.tomcat.TomcatWebServer  : Tomcat initialized with port 8080 (http)
2025-09-25T15:05:41.654+08:00  INFO 27476 --- [CardsIT] [main] o.apache.catalina.core.StandardService   : Starting service [Tomcat]
2025-09-25T15:05:41.655+08:00  INFO 27476 --- [CardsIT] [main] o.apache.catalina.core.StandardEngine    : Starting Servlet engine: [Apache Tomcat/10.1.46]
2025-09-25T15:05:41.842+08:00  INFO 27476 --- [CardsIT] [main] o.a.c.c.C.[Tomcat].[localhost].[/]       : Initializing Spring embedded WebApplicationContext
2025-09-25T15:05:41.843+08:00  INFO 27476 --- [CardsIT] [main] w.s.c.ServletWebServerApplicationContext : Root WebApplicationContext: initialization completed in 3475 ms
2025-09-25T15:05:41.970+08:00 DEBUG 27476 --- [CardsIT] [main] com.cvk.CardsIT.log.LoggingFilter        : Filter 'loggingFilter' configured for use
2025-09-25T15:05:42.375+08:00  INFO 27476 --- [CardsIT] [main] o.hibernate.jpa.internal.util.LogHelper  : HHH000204: Processing PersistenceUnitInfo [name: default]
2025-09-25T15:05:42.554+08:00  INFO 27476 --- [CardsIT] [main] org.hibernate.Version                    : HHH000412: Hibernate ORM core version 6.6.29.Final
2025-09-25T15:05:42.690+08:00  INFO 27476 --- [CardsIT] [main] o.h.c.internal.RegionFactoryInitiator    : HHH000026: Second-level cache disabled
2025-09-25T15:05:43.636+08:00  INFO 27476 --- [CardsIT] [main] o.s.o.j.p.SpringPersistenceUnitInfo      : No LoadTimeWeaver setup: ignoring JPA class transformer
2025-09-25T15:05:43.757+08:00  INFO 27476 --- [CardsIT] [main] com.zaxxer.hikari.HikariDataSource       : HikariPool-1 - Starting...
2025-09-25T15:05:44.606+08:00  INFO 27476 --- [CardsIT] [main] com.zaxxer.hikari.pool.HikariPool        : HikariPool-1 - Added connection ConnectionID:1 ClientConnectionId: 3efbfc42-d4e7-4a37-a0da-07608b26b865
2025-09-25T15:05:44.615+08:00  INFO 27476 --- [CardsIT] [main] com.zaxxer.hikari.HikariDataSource       : HikariPool-1 - Start completed.
2025-09-25T15:05:44.679+08:00  WARN 27476 --- [CardsIT] [main] org.hibernate.orm.deprecation            : HHH90000025: SQLServer2012Dialect does not need to be specified explicitly using 'hibernate.dialect' (remove the property setting and it will be selected by default)
2025-09-25T15:05:44.684+08:00  WARN 27476 --- [CardsIT] [main] org.hibernate.orm.deprecation            : HHH90000026: SQLServer2012Dialect has been deprecated; use org.hibernate.dialect.SQLServerDialect instead
2025-09-25T15:05:44.740+08:00  INFO 27476 --- [CardsIT] [main] org.hibernate.orm.connections.pooling    : HHH10001005: Database info:
	Database JDBC URL [Connecting through datasource 'HikariDataSource (HikariPool-1)']
	Database driver: undefined/unknown
	Database version: 11.0
	Autocommit mode: undefined/unknown
	Isolation level: undefined/unknown
	Minimum pool size: undefined/unknown
	Maximum pool size: undefined/unknown
2025-09-25T15:05:46.975+08:00  INFO 27476 --- [CardsIT] [main] o.h.e.t.j.p.i.JtaPlatformInitiator       : HHH000489: No JTA platform available (set 'hibernate.transaction.jta.platform' to enable JTA platform integration)
2025-09-25T15:05:47.844+08:00  INFO 27476 --- [CardsIT] [main] j.LocalContainerEntityManagerFactoryBean : Initialized JPA EntityManagerFactory for persistence unit 'default'
2025-09-25T15:05:48.761+08:00  WARN 27476 --- [CardsIT] [main] JpaBaseConfiguration$JpaWebConfiguration : spring.jpa.open-in-view is enabled by default. Therefore, database queries may be performed during view rendering. Explicitly configure spring.jpa.open-in-view to disable this warning
2025-09-25T15:05:49.866+08:00  INFO 27476 --- [CardsIT] [main] o.s.b.w.embedded.tomcat.TomcatWebServer  : Tomcat started on port 8080 (http) with context path '/'
2025-09-25T15:05:49.889+08:00  INFO 27476 --- [CardsIT] [main] com.cvk.CardsIT.CardsItApplication       : Started CardsItApplication in 12.649 seconds (process running for 13.701)
2025-09-25T15:05:54.669+08:00  INFO 27476 --- [CardsIT] [http-nio-8080-exec-1] o.a.c.c.C.[Tomcat].[localhost].[/]       : Initializing Spring DispatcherServlet 'dispatcherServlet'
2025-09-25T15:05:54.669+08:00  INFO 27476 --- [CardsIT] [http-nio-8080-exec-1] o.s.web.servlet.DispatcherServlet        : Initializing Servlet 'dispatcherServlet'
2025-09-25T15:05:54.672+08:00  INFO 27476 --- [CardsIT] [http-nio-8080-exec-1] o.s.web.servlet.DispatcherServlet        : Completed initialization in 2 ms
2025-09-25T15:05:55.540+08:00  INFO 27476 --- [CardsIT] [http-nio-8080-exec-1] com.cvk.CardsIT.log.LoggingFilter        : REQUEST: method=POST uri=/api/customers body={
  "name": "John",
  "email": "john@example.com",
  "phone": "012-3456789",
  "address" : "No 5566 Taman Mas, Kuala Lumpur"
}

2025-09-25T15:05:55.541+08:00  INFO 27476 --- [CardsIT] [http-nio-8080-exec-1] com.cvk.CardsIT.log.LoggingFilter        : RESPONSE: status=201 body={"id":4,"name":"John","email":"john@example.com","phone":"012-3456789","address":"No 5566 Taman Mas, Kuala Lumpur"}
2025-09-25T15:06:05.551+08:00  INFO 27476 --- [CardsIT] [http-nio-8080-exec-4] com.cvk.CardsIT.log.LoggingFilter        : REQUEST: method=PUT uri=/api/customers/1%0A body={
  "name": "Jane",
  "email": "jane@example.com",
  "phone": "012-9876543",
  "address": "No 6655"
}

2025-09-25T15:06:05.551+08:00  INFO 27476 --- [CardsIT] [http-nio-8080-exec-4] com.cvk.CardsIT.log.LoggingFilter        : RESPONSE: status=200 body={"id":1,"name":"Jane","email":"jane@example.com","phone":"012-9876543","address":"No 6655"}
2025-09-25T15:06:09.180+08:00  INFO 27476 --- [CardsIT] [http-nio-8080-exec-3] com.cvk.CardsIT.log.LoggingFilter        : REQUEST: method=GET uri=/api/customers/1 body=
2025-09-25T15:06:09.180+08:00  INFO 27476 --- [CardsIT] [http-nio-8080-exec-3] com.cvk.CardsIT.log.LoggingFilter        : RESPONSE: status=200 body={"id":1,"name":"Jane","email":"jane@example.com","phone":"012-9876543","address":"No 6655"}
2025-09-25T15:06:13.109+08:00  WARN 27476 --- [CardsIT] [http-nio-8080-exec-5] ration$PageModule$WarningLoggingModifier : Serializing PageImpl instances as-is is not supported, meaning that there is no guarantee about the stability of the resulting JSON structure!
	For a stable JSON structure, please use Spring Data's PagedModel (globally via @EnableSpringDataWebSupport(pageSerializationMode = VIA_DTO))
	or Spring HATEOAS and Spring Data's PagedResourcesAssembler as documented in https://docs.spring.io/spring-data/commons/reference/repositories/core-extensions.html#core.web.pageables.

2025-09-25T15:06:13.166+08:00  INFO 27476 --- [CardsIT] [http-nio-8080-exec-5] com.cvk.CardsIT.log.LoggingFilter        : REQUEST: method=GET uri=/api/customers/page body=
2025-09-25T15:06:13.167+08:00  INFO 27476 --- [CardsIT] [http-nio-8080-exec-5] com.cvk.CardsIT.log.LoggingFilter        : RESPONSE: status=200 body={"content":[{"id":1,"name":"Jane","email":"jane@example.com","phone":"012-9876543","address":"No 6655"},{"id":2,"name":"John","email":"john@example.com","phone":"012-3456789","address":"No 5566 Taman Mas, Kuala Lumpur"},{"id":3,"name":"John","email":"john@example.com","phone":"012-3456789","address":"No 5566 Taman Mas, Kuala Lumpur"},{"id":4,"name":"John","email":"john@example.com","phone":"012-3456789","address":"No 5566 Taman Mas, Kuala Lumpur"}],"pageable":{"pageNumber":0,"pageSize":10,"sort":{"sorted":false,"unsorted":true,"empty":true},"offset":0,"paged":true,"unpaged":false},"last":true,"totalPages":1,"totalElements":4,"first":true,"numberOfElements":4,"size":10,"number":0,"sort":{"sorted":false,"unsorted":true,"empty":true},"empty":false}
2025-09-25T15:06:17.465+08:00  INFO 27476 --- [CardsIT] [http-nio-8080-exec-6] com.cvk.CardsIT.log.LoggingFilter        : REQUEST: method=GET uri=/api/customers/1/details body=
2025-09-25T15:06:17.465+08:00  INFO 27476 --- [CardsIT] [http-nio-8080-exec-6] com.cvk.CardsIT.log.LoggingFilter        : RESPONSE: status=200 body={"externalUser":{"id":1,"name":"Leanne Graham","username":"Bret","email":"Sincere@april.biz","address":{"street":"Kulas Light","suite":"Apt. 556","city":"Gwenborough","zipcode":"92998-3874","geo":{"lat":"-37.3159","lng":"81.1496"}},"phone":"1-770-736-8031 x56442","website":"hildegard.org","company":{"name":"Romaguera-Crona","catchPhrase":"Multi-layered client-server neural-net","bs":"harness real-time e-markets"}},"customer":{"id":1,"name":"Jane","email":"jane@example.com","phone":"012-9876543","address":"No 6655"}}
2025-09-25T15:06:33.805+08:00  INFO 27476 --- [CardsIT] [http-nio-8080-exec-7] com.cvk.CardsIT.log.LoggingFilter        : REQUEST: method=DELETE uri=/api/customers/1 body=
2025-09-25T15:06:33.806+08:00  INFO 27476 --- [CardsIT] [http-nio-8080-exec-7] com.cvk.CardsIT.log.LoggingFilter        : RESPONSE: status=204 body=
